d:\abnf\cgi\cgicc-3.2.19\win\debug\cgicc.lib
d:\abnf\cgi\cgicc-3.2.19\win\debug\cgicc.exp
d:\abnf\cgi\cgicc-3.2.19\win\debug\vc120.pdb
d:\abnf\cgi\cgicc-3.2.19\win\debug\mstreamable.obj
d:\abnf\cgi\cgicc-3.2.19\win\debug\httpstatusheader.obj
d:\abnf\cgi\cgicc-3.2.19\win\debug\httpresponseheader.obj
d:\abnf\cgi\cgicc-3.2.19\win\debug\httpredirectheader.obj
d:\abnf\cgi\cgicc-3.2.19\win\debug\httpplainheader.obj
d:\abnf\cgi\cgicc-3.2.19\win\debug\httphtmlheader.obj
d:\abnf\cgi\cgicc-3.2.19\win\debug\httpheader.obj
d:\abnf\cgi\cgicc-3.2.19\win\debug\httpcookie.obj
d:\abnf\cgi\cgicc-3.2.19\win\debug\httpcontentheader.obj
d:\abnf\cgi\cgicc-3.2.19\win\debug\htmlelementlist.obj
d:\abnf\cgi\cgicc-3.2.19\win\debug\htmlelement.obj
d:\abnf\cgi\cgicc-3.2.19\win\debug\htmldoctype.obj
d:\abnf\cgi\cgicc-3.2.19\win\debug\htmlattributelist.obj
d:\abnf\cgi\cgicc-3.2.19\win\debug\htmlattribute.obj
d:\abnf\cgi\cgicc-3.2.19\win\debug\formfile.obj
d:\abnf\cgi\cgicc-3.2.19\win\debug\formentry.obj
d:\abnf\cgi\cgicc-3.2.19\win\debug\cgiutils.obj
d:\abnf\cgi\cgicc-3.2.19\win\debug\cgiinput.obj
d:\abnf\cgi\cgicc-3.2.19\win\debug\cgienvironment.obj
d:\abnf\cgi\cgicc-3.2.19\win\debug\cgicc.obj
d:\abnf\cgi\cgicc-3.2.19\win\debug\cgicc.ilk
d:\abnf\cgi\cgicc-3.2.19\win\debug\cgicc.dll
d:\abnf\cgi\cgicc-3.2.19\win\x64\debug\cgicc.pdb
d:\abnf\cgi\cgicc-3.2.19\win\x64\debug\cookie.pdb
d:\abnf\cgi\cgicc-3.2.19\win\x64\debug\dns.pdb
d:\abnf\cgi\cgicc-3.2.19\win\x64\debug\example.pdb
d:\abnf\cgi\cgicc-3.2.19\win\x64\debug\test.pdb
d:\abnf\cgi\cgicc-3.2.19\win\x64\debug\upload.pdb
d:\abnf\cgi\cgicc-3.2.19\win\x64\debug\cgicc.tlog\cgicc.write.1u.tlog
d:\abnf\cgi\cgicc-3.2.19\win\x64\debug\cgicc.tlog\cl.command.1.tlog
d:\abnf\cgi\cgicc-3.2.19\win\x64\debug\cgicc.tlog\cl.read.1.tlog
d:\abnf\cgi\cgicc-3.2.19\win\x64\debug\cgicc.tlog\cl.write.1.tlog
d:\abnf\cgi\cgicc-3.2.19\win\x64\debug\cgicc.tlog\link.command.1.tlog
d:\abnf\cgi\cgicc-3.2.19\win\x64\debug\cgicc.tlog\link.read.1.tlog
d:\abnf\cgi\cgicc-3.2.19\win\x64\debug\cgicc.tlog\link.write.1.tlog
